[main] DEBUG com.javaLive.exceptionhandling.LoggingWithException  - This is debug message
[main] INFO  com.javaLive.exceptionhandling.LoggingWithException  - This is info message
[main] WARN  com.javaLive.exceptionhandling.LoggingWithException  - This is warn message
[main] INFO  com.javaLive.exceptionhandling.LoggingWithException  - Testing 1234
[main] ERROR com.javaLive.exceptionhandling.LoggingWithException  - Product Invalid
2020-03-31 14:09:48,685 ERROR - Product Invalid
2020-03-31 14:11:21,839 [main] ERROR com.javaLive.exceptionhandling.LoggingWithException  - Product Invalid
2020-03-31 14:16:39 [main] ERROR com.javaLive.exceptionhandling.LoggingWithException  - Product Invalid
2020-03-31 14:17:28 [main] ERROR com.javaLive.exceptionhandling.LoggingWithException  - Product Invalid
2020-03-31 14:20:28 [main] ERROR com.javaLive.exceptionhandling.LoggingWithException  - Product Invalid
2020-03-31 14:23:40 [main] ERROR com.javaLive.exceptionhandling.LoggingWithException  - Product Invalid
2020-03-31 17:00:29 [main] ERROR com.javaLive.exceptionhandling.RealTimeExampleIMP  - A message that describes the error.
2020-03-31 17:09:22 [main] ERROR com.javaLive.exceptionhandling.RealTimeExampleIMP  - A message that describes the error.Port os not properly configured.
2020-03-31 17:09:53 [main] ERROR com.javaLive.exceptionhandling.RealTimeExampleIMP  - A message that describes the error.
Port is not properly configured.
2020-03-31 17:47:01 [main] ERROR com.javaLive.exceptionhandling.RealTimeExampleForCheckedExceptionIMP  - A message that describes the error.
Port is not properly configured.
2020-04-09 14:27:23 [main] ERROR com.javaLive.exceptionhandling.LoggingWithException  - Product Invalid
2020-04-09 17:34:02 [main] ERROR com.javaLive.exceptionhandling.LoggingWithException  - class com.javaLive.exceptionhandling.InvalidProductException	Product Invalid
2020-04-09 17:34:49 [main] ERROR com.javaLive.exceptionhandling.LoggingWithException  - class com.javaLive.exceptionhandling.InvalidProductException
Product Invalid
2020-04-09 17:40:27 [main] ERROR com.javaLive.exceptionhandling.LoggingWithException  - Raised exception of type class com.javaLive.exceptionhandling.InvalidProductException	Product Invalid
2020-04-09 17:40:57 [main] ERROR com.javaLive.exceptionhandling.LoggingWithException  - 
Raised exception of type class com.javaLive.exceptionhandling.InvalidProductException	Product Invalid
